<?xml version="1.0" encoding="UTF-8"?>
<testsuite name="Exercise01Test" tests="2" skipped="0" failures="0" errors="0" timestamp="2021-06-09T04:42:24" hostname="ntnghia0320" time="0.092">
  <properties/>
  <testcase name="test_gcd()" classname="Exercise01Test" time="0.088"/>
  <testcase name="test_lcm()" classname="Exercise01Test" time="0.002"/>
  <system-out><![CDATA[]]></system-out>
  <system-err><![CDATA[]]></system-err>
</testsuite>
